<?xml version="1.0" encoding="UTF-8"?>
<testsuite xmlns:xsi="http://www.w3.org/2001/XMLSchema-instance" xsi:noNamespaceSchemaLocation="https://maven.apache.org/surefire/maven-surefire-plugin/xsd/surefire-test-report-3.0.xsd" version="3.0" name="com.sr.goecho.GoEchoApplicationTests" time="4.351" tests="1" errors="0" skipped="0" failures="0">
  <properties>
[...]
</properties>
  <testcase name="contextLoads" classname="com.sr.goecho.GoEchoApplicationTests" time="1.347">
    <system-out><![CDATA[02:04:13.123 [main] INFO org.springframework.test.context.support.AnnotationConfigContextLoaderUtils -- Could not detect default configuration classes for test class [com.sr.goecho.GoEchoApplicationTests]: GoEchoApplicationTests does not declare any static, non-private, non-final, nested classes annotated with @Configuration.
02:04:13.342 [main] INFO org.springframework.boot.test.context.SpringBootTestContextBootstrapper -- Found @SpringBootConfiguration com.sr.goecho.GoEchoApplication for test class com.sr.goecho.GoEchoApplicationTests

  .   ____          _            __ _ _
 /\\ / ___'_ __ _ _(_)_ __  __ _ \ \ \ \
( ( )\___ | '_ | '_| | '_ \/ _` | \ \ \ \
 \\/  ___)| |_)| | | | | || (_| |  ) ) ) )
  '  |____| .__|_| |_|_| |_\__, | / / / /
 =========|_|==============|___/=/_/_/_/
 :: Spring Boot ::                (v3.2.2)

2024-07-08T02:04:13.977+05:30  INFO 2928 --- [           main] com.sr.goecho.GoEchoApplicationTests     : Starting GoEchoApplicationTests using Java 17.0.6 with PID 2928 (started by maram in C:\Users\maram\Documents\workspace-spring-tool-suite-4-4.17.2.RELEASE\GoEcho)
2024-07-08T02:04:13.979+05:30  INFO 2928 --- [           main] com.sr.goecho.GoEchoApplicationTests     : No active profile set, falling back to 1 default profile: "default"
2024-07-08T02:04:15.577+05:30  INFO 2928 --- [           main] o.s.b.a.w.s.WelcomePageHandlerMapping    : Adding welcome page: class path resource [static/index.html]
2024-07-08T02:04:15.810+05:30  INFO 2928 --- [           main] o.s.m.s.b.SimpleBrokerMessageHandler     : Starting...
2024-07-08T02:04:15.815+05:30  INFO 2928 --- [           main] o.s.m.s.b.SimpleBrokerMessageHandler     : BrokerAvailabilityEvent[available=true, SimpleBrokerMessageHandler [org.springframework.messaging.simp.broker.DefaultSubscriptionRegistry@628b819d]]
2024-07-08T02:04:15.816+05:30  INFO 2928 --- [           main] o.s.m.s.b.SimpleBrokerMessageHandler     : Started.
2024-07-08T02:04:15.825+05:30  INFO 2928 --- [           main] com.sr.goecho.GoEchoApplicationTests     : Started GoEchoApplicationTests in 2.22 seconds (process running for 3.977)
]]></system-out>
  </testcase>
</testsuite>